<?xml version="1.0" encoding="UTF-8"?>
<!-- Generated by org.testng.reporters.JUnitReportReporter -->
<testsuite hostname="LAPTOP-QG5IO26S" failures="0" tests="2" name="restAPI.GetReq" time="6.232" errors="0" timestamp="2021-01-31T18:25:14 IST" skipped="0">
  <testcase classname="restAPI.GetReq" name="verifyPostIds" time="0.978"/>
  <testcase classname="restAPI.GetReq" name="getEmailRequest" time="5.254"/>
</testsuite> <!-- restAPI.GetReq -->
