<?xml version="1.0" encoding="UTF-8"?>
<!-- Generated by org.testng.reporters.JUnitReportReporter -->
<testsuite skipped="0" hostname="Siraj" name="Assi.GetReq" tests="2" failures="0" timestamp="31 Jan 2021 12:09:56 GMT" time="6.725" errors="0">
  <testcase name="verifyPostIds" time="1.148" classname="Assi.GetReq"/>
  <testcase name="getEmailRequest" time="5.577" classname="Assi.GetReq"/>
</testsuite> <!-- Assi.GetReq -->
